ssh: Could not resolve hostname autodl: Temporary failure in name resolution
rsync: connection unexpectedly closed (0 bytes received so far) [sender]
rsync error: unexplained error (code 255) at io.c(231) [sender=3.2.7]
ssh: Could not resolve hostname autodl: Temporary failure in name resolution
rsync: connection unexpectedly closed (0 bytes received so far) [sender]
rsync error: unexplained error (code 255) at io.c(231) [sender=3.2.7]
receiving incremental file list
src/nepactive/
src/nepactive/OB.py
src/nepactive/logger.py
src/nepactive/stable.py
src/nepactive/template.py
src/nepactive/train.py
src/nepactive/write_extxyz.py
src/nepactive/.git/
src/nepactive/.git/COMMIT_EDITMSG
src/nepactive/.git/FETCH_HEAD
src/nepactive/.git/HEAD
src/nepactive/.git/config
src/nepactive/.git/description
src/nepactive/.git/index
src/nepactive/.git/branches/
src/nepactive/.git/hooks/
src/nepactive/.git/hooks/applypatch-msg.sample
src/nepactive/.git/hooks/commit-msg.sample
src/nepactive/.git/hooks/fsmonitor-watchman.sample
src/nepactive/.git/hooks/post-update.sample
src/nepactive/.git/hooks/pre-applypatch.sample
src/nepactive/.git/hooks/pre-commit.sample
src/nepactive/.git/hooks/pre-merge-commit.sample
src/nepactive/.git/hooks/pre-push.sample
src/nepactive/.git/hooks/pre-rebase.sample
src/nepactive/.git/hooks/pre-receive.sample
src/nepactive/.git/hooks/prepare-commit-msg.sample
src/nepactive/.git/hooks/push-to-checkout.sample
src/nepactive/.git/hooks/update.sample
src/nepactive/.git/info/
src/nepactive/.git/info/exclude
src/nepactive/.git/logs/
src/nepactive/.git/logs/HEAD
src/nepactive/.git/logs/refs/
src/nepactive/.git/logs/refs/heads/
src/nepactive/.git/logs/refs/heads/master
src/nepactive/.git/logs/refs/remotes/
src/nepactive/.git/logs/refs/remotes/origin/
src/nepactive/.git/logs/refs/remotes/origin/master
src/nepactive/.git/objects/
src/nepactive/.git/objects/00/
src/nepactive/.git/objects/00/2bd2df40dd1a6bec1087cf4a3cb20f5918b652
src/nepactive/.git/objects/02/
src/nepactive/.git/objects/02/1fd5b0ff6829baf40c6b4fb7ec2294c6e7ec6d
src/nepactive/.git/objects/08/
src/nepactive/.git/objects/08/27f5907387235d1f36afa56f4bf6e3953f0a63
src/nepactive/.git/objects/09/
src/nepactive/.git/objects/09/337800bd02fc22a516f06a656fdbc1ca791fc7
src/nepactive/.git/objects/0d/
src/nepactive/.git/objects/0d/5d944660205d388ec96f13ca7b153ed6fc1838
src/nepactive/.git/objects/0d/608eddd1aa8a957274ee4b05e87c0a965ed6dd
src/nepactive/.git/objects/0f/
src/nepactive/.git/objects/0f/811b7117f862f7bb418e63b7743923862e4f10
src/nepactive/.git/objects/11/
src/nepactive/.git/objects/11/47371cde0b58ca60d4b3b1df80e84c3950b671
src/nepactive/.git/objects/11/5c45288f7bfeec2ce24d10f32be94391a61bef
src/nepactive/.git/objects/13/
src/nepactive/.git/objects/13/355bf18ffe2f26b12b703f71f3602a7e8bc17b
src/nepactive/.git/objects/13/38ff2807c0a6bb8eae74a439c3e268dbd31ce0
src/nepactive/.git/objects/13/bd60e82364a152da06ef7663aac9f3615be038
src/nepactive/.git/objects/14/
src/nepactive/.git/objects/14/8191c9e5278dd8a5e206208cde3a6080327817
src/nepactive/.git/objects/18/
src/nepactive/.git/objects/18/5bb8bbe15f1250c65c51ed6efb0111829ff2af
src/nepactive/.git/objects/18/5cd46e6af37d3c3188e9a77b9aff40d4aa317b
src/nepactive/.git/objects/18/e41d2a900130cfe9b1bee4631aa06676b71854
src/nepactive/.git/objects/19/
src/nepactive/.git/objects/19/aec255be8514706fd75bea944a169f8e7d579b
src/nepactive/.git/objects/1b/
src/nepactive/.git/objects/1b/309fb3adc05129966ba2058e19f9a50861c09d
src/nepactive/.git/objects/1b/b253454010be2f20fa629aff5463a425748427
src/nepactive/.git/objects/1b/cbfc060412d6231113c9c547c0b7d767ebd105
src/nepactive/.git/objects/1c/
src/nepactive/.git/objects/1c/16f117085ea3808cd65031bc0f0c2733b5d02c
src/nepactive/.git/objects/1d/
src/nepactive/.git/objects/1d/c3ad1efd3dc40c012fe625c412e80e940c1927
src/nepactive/.git/objects/21/
src/nepactive/.git/objects/21/469b3ffc508c5e2a5aa7f94707f831621483e3
src/nepactive/.git/objects/22/
src/nepactive/.git/objects/22/fe8b25dd2f01c9f59c21004dbb0941e0005c9a
src/nepactive/.git/objects/23/
src/nepactive/.git/objects/23/eed0e9677967391bffa70a4cae1df2bacbbfad
src/nepactive/.git/objects/28/
src/nepactive/.git/objects/28/364c195dd6fbaab8afd007ce4c29be2e98773d
src/nepactive/.git/objects/2b/
src/nepactive/.git/objects/2b/f3f71a807cf1baeafa305c2b1d51dc173e1c07
src/nepactive/.git/objects/32/
src/nepactive/.git/objects/32/dd2214e8c96ec270da3ec41c6b7867c894594b
src/nepactive/.git/objects/33/
src/nepactive/.git/objects/33/0870d21f00eef0fd2de718c429e3cca8161ddb
src/nepactive/.git/objects/34/
src/nepactive/.git/objects/34/79ac65c2934a368ef5e74a8241a0adc0c96408
src/nepactive/.git/objects/35/
src/nepactive/.git/objects/35/ba645459ee98bd9497c98c348e51b78a9f58b5
src/nepactive/.git/objects/36/
src/nepactive/.git/objects/36/f53ef6a519f717e0524d6b724252090a5cbb2e
src/nepactive/.git/objects/37/
src/nepactive/.git/objects/37/fed656f446050c0684adfd0c20a4e30e5391d1
src/nepactive/.git/objects/3b/
src/nepactive/.git/objects/3b/ce55d7b017258821e456958b91ddaa33fc34a1
src/nepactive/.git/objects/3b/f4da8239dd877972341553e7629d049eed88e2
src/nepactive/.git/objects/3e/
src/nepactive/.git/objects/3e/10fc1f9ec38ebeb7221b136d31b87778645849
src/nepactive/.git/objects/3f/
src/nepactive/.git/objects/3f/634f7a26607ab80150c9660e93b968a3f6bd19
src/nepactive/.git/objects/41/
src/nepactive/.git/objects/41/08678bd47a262f8fc31de7bb614117a7d79a10
src/nepactive/.git/objects/41/dfd483e0a1202bf78056aa55cbef64dbc83406
src/nepactive/.git/objects/42/
src/nepactive/.git/objects/42/f7f64716c9a28928f8c4027c24dabefb1c10ce
src/nepactive/.git/objects/44/
src/nepactive/.git/objects/44/eff0768f9e7b150ba7bb28a3fcf2d2bef5b64b
src/nepactive/.git/objects/45/
src/nepactive/.git/objects/45/15f8ce08e74211bf62c1dc4ce8eb003e58a227
src/nepactive/.git/objects/48/
src/nepactive/.git/objects/48/41ac57f27a95aca74a188daf12acb4ca827e3e
src/nepactive/.git/objects/4a/
src/nepactive/.git/objects/4a/347e63285a48a2cbd51ba0a8de9cc16cd2ced9
src/nepactive/.git/objects/4b/
src/nepactive/.git/objects/4b/825dc642cb6eb9a060e54bf8d69288fbee4904
src/nepactive/.git/objects/4c/
src/nepactive/.git/objects/4c/91cc4d58e7878a54b08bf9171bed94c7c5593a
src/nepactive/.git/objects/4d/
src/nepactive/.git/objects/4d/756b64e4ef30c820b954733d0ca8b6a32fee58
src/nepactive/.git/objects/50/
src/nepactive/.git/objects/50/c8cda434bc1b94e402ffb1b5529b00884445f5
src/nepactive/.git/objects/52/
src/nepactive/.git/objects/52/c8f9409eb9e07694aa4fbdb16e82270f2f617d
src/nepactive/.git/objects/54/
src/nepactive/.git/objects/54/925cfd47868b9fbaade51b35186e016c83dd62
src/nepactive/.git/objects/57/
src/nepactive/.git/objects/57/8958c7eb2a5d3e8a15ff273e2e3d4b0aca16b1
src/nepactive/.git/objects/58/
src/nepactive/.git/objects/58/475c2a03506a1ae9984ff01dab92db7aeaad65
src/nepactive/.git/objects/59/
src/nepactive/.git/objects/59/4dedf5c8cb9f1b2c8f9d6883890260c2253355
src/nepactive/.git/objects/5a/
src/nepactive/.git/objects/5a/dcb0ebbada1877d48bb3fd46be34675d04f3ae
src/nepactive/.git/objects/60/
src/nepactive/.git/objects/60/6cb78713c23d6e3875b875cac6d61757560121
src/nepactive/.git/objects/63/
src/nepactive/.git/objects/63/de733295130f26b5c5e1c54f5fd01a01c45542
src/nepactive/.git/objects/64/
src/nepactive/.git/objects/64/8404f6d5bea93c5c937e540be1184e92f86010
src/nepactive/.git/objects/64/b2dddecd4f987d4940b55c073ba63b28f19cf5
src/nepactive/.git/objects/65/
src/nepactive/.git/objects/65/2648fb582325e78ccd0c9156ab157f7c025a3d
src/nepactive/.git/objects/65/396b55dbb1acdd5e41c781fcf89021b672bc80
src/nepactive/.git/objects/65/741d5f7fd146157893aa10810e5d6f262a40e4
src/nepactive/.git/objects/65/d4e10dfdd0f4c92f35bce264413cf78d5cf676
src/nepactive/.git/objects/67/
src/nepactive/.git/objects/67/56b28444c7bb8fb3ef5c667eaeed1b8555a73d
src/nepactive/.git/objects/69/
src/nepactive/.git/objects/69/ae82ca4c82ba75e5af1a3556a0a7fb75382aa7
src/nepactive/.git/objects/72/
src/nepactive/.git/objects/72/2fcd2b0d338a304446a9ee279df0afa84c0234
src/nepactive/.git/objects/74/
src/nepactive/.git/objects/74/396f2f54cde3aca6e89f1959a0868be8052539
src/nepactive/.git/objects/76/
src/nepactive/.git/objects/76/8e6bc0a39f9423b78147c57fd2706f84abfc71
src/nepactive/.git/objects/79/
src/nepactive/.git/objects/79/457fa9c07edc45e981b95c6cb421059134aa5a
src/nepactive/.git/objects/7a/
src/nepactive/.git/objects/7a/11f88c907b52500cb71f9373ecf20233b2a894
src/nepactive/.git/objects/7a/73a41bfdf76d6f793007240d80983a52f15f97
src/nepactive/.git/objects/7f/
src/nepactive/.git/objects/7f/b4724a507a7a21094e628db6ef358dde8231da
src/nepactive/.git/objects/80/
src/nepactive/.git/objects/80/8b0e47101d646896d7f3d42ac01bbee7484489
src/nepactive/.git/objects/84/
src/nepactive/.git/objects/84/1770a114f3e1c59a3eb4883f8f9002f5d45fde
src/nepactive/.git/objects/87/
src/nepactive/.git/objects/87/469adb7874c61237886e90528b737c74c9885b
src/nepactive/.git/objects/87/a76d54c44b9c3ef3702157eb583a87cc9edd99
src/nepactive/.git/objects/8c/
src/nepactive/.git/objects/8c/130131d49155dee35be6311727a1a6359b305d
src/nepactive/.git/objects/8c/5499c32173cba5b03d75568aa1f74af40d0d0b
src/nepactive/.git/objects/8c/e5d729c250806c20b898ce00701208bf8b9e5b
src/nepactive/.git/objects/8e/
src/nepactive/.git/objects/8e/4e015a7edcc72465814685e46e633821320fb4
src/nepactive/.git/objects/91/
src/nepactive/.git/objects/91/fb001f9f005f17b01e5285891fb9bace1e6204
src/nepactive/.git/objects/93/
src/nepactive/.git/objects/93/c4c3a96e997c57197e6104c78ce46f05308b0f
src/nepactive/.git/objects/94/
src/nepactive/.git/objects/94/6d2b020319e7fea219f0fa9239eb34cace5184
src/nepactive/.git/objects/95/
src/nepactive/.git/objects/95/b2212454d13571c108584eff651b0fd452e7a5
src/nepactive/.git/objects/98/
src/nepactive/.git/objects/98/4df1577fce8ffabeb899ba5bbfe0ae874fd599
src/nepactive/.git/objects/9a/
src/nepactive/.git/objects/9a/c334f73bf3bde696a9c3597ed7d1969ddcfa3c
src/nepactive/.git/objects/9c/
src/nepactive/.git/objects/9c/9cb1d4cf196153943ccb7a59a7a40aa8a64dd1
src/nepactive/.git/objects/9f/
src/nepactive/.git/objects/9f/29d412bf7fc8e2ecbb1abf79593e0bab353111
src/nepactive/.git/objects/a1/
src/nepactive/.git/objects/a1/024da10a13193d566703cd1b531cc3ae469ed8
src/nepactive/.git/objects/a1/61c94d934d60fb121c13761365363e36042957
src/nepactive/.git/objects/a2/
src/nepactive/.git/objects/a2/8ff6137202443ace90892a30deb365785b43ff
src/nepactive/.git/objects/a2/f322237291a6dc210158fe5212f76b093ed22d
src/nepactive/.git/objects/ab/
src/nepactive/.git/objects/ab/8fb7c58781d795be530b539dfae7658ecb4d36
src/nepactive/.git/objects/ac/
src/nepactive/.git/objects/ac/3e4fa4a24d8cb8dc28712e40bb20f7d5eeef0e
src/nepactive/.git/objects/ac/8a3c88fd739a7c09904c3912805e6cece61186
src/nepactive/.git/objects/ac/e360fe3b682526bfe54f172fd200bc2bdd4257
src/nepactive/.git/objects/ad/
src/nepactive/.git/objects/ad/9cae4189ad3ed432df599ddf2e01fc66100324
src/nepactive/.git/objects/b2/
src/nepactive/.git/objects/b2/24e7d4be86fe2e7ab575110e76edea9de72958
src/nepactive/.git/objects/b4/
src/nepactive/.git/objects/b4/2fa7ef7c04e16a6ca4a24eeb741bb59a4ce0b0
src/nepactive/.git/objects/b6/
src/nepactive/.git/objects/b6/54db02ba99885ab3386630614e0270ebe5abe8
src/nepactive/.git/objects/b8/
src/nepactive/.git/objects/b8/ed9b6e78d95c106c9cdfc3a906892b29a006eb
src/nepactive/.git/objects/bc/
src/nepactive/.git/objects/bc/ad2326013812b4451a8bbb5af95b4125b6e3b5
src/nepactive/.git/objects/be/
src/nepactive/.git/objects/be/23c3dc54cfb3358c8a475e486e3dfd73e23d9f
src/nepactive/.git/objects/be/43c1559366f4f6ea12f5beb0fea7687f93b8bc
src/nepactive/.git/objects/be/b2b5b7f2e4125f037d34c378682f9a377b3a5b
src/nepactive/.git/objects/c0/
src/nepactive/.git/objects/c0/0177606ad59bcb491a7e3a636283ffec508c5c
src/nepactive/.git/objects/c1/
src/nepactive/.git/objects/c1/d0f10d72d1b052eccd0657036a27bfcc6a48ab
src/nepactive/.git/objects/c2/
src/nepactive/.git/objects/c2/b41734ae3cf89911844cd158c7fc31368d8eac
src/nepactive/.git/objects/c7/
src/nepactive/.git/objects/c7/42cbf72adc6165c4e6c3488a890fcd59cd1209
src/nepactive/.git/objects/c9/
src/nepactive/.git/objects/c9/0787e7f34b5c6417cc7397bea6207bdac1eb23
src/nepactive/.git/objects/cc/
src/nepactive/.git/objects/cc/047f65be76e13dab4d22780ec07ed8e2ca1d5f
src/nepactive/.git/objects/cc/7d1f37b48f586551bb985e21ce0715ca764f27
src/nepactive/.git/objects/ce/
src/nepactive/.git/objects/ce/b7b11c8b768518976b1b56e0f37cc90f31ec84
src/nepactive/.git/objects/d1/
src/nepactive/.git/objects/d1/657c4eb3000b0a583d00ee0414440a464a8fe2
src/nepactive/.git/objects/d4/
src/nepactive/.git/objects/d4/8232745b7cd14d939d1055270172460f57387f
src/nepactive/.git/objects/d8/
src/nepactive/.git/objects/d8/d4220021bddc71da9752be51c7355890da3d36
src/nepactive/.git/objects/e4/
src/nepactive/.git/objects/e4/a616932875527c3bb9269f392b9e07bd487f8e
src/nepactive/.git/objects/e7/
src/nepactive/.git/objects/e7/702c61532118fb8825ef836ee59217db61f944
src/nepactive/.git/objects/e7/71086e4e5379804e0faa67e4bd6ae3d875a489
src/nepactive/.git/objects/e7/cead91f3cc087bfdd3158c77a8d576d095df60
src/nepactive/.git/objects/e9/
src/nepactive/.git/objects/e9/b951ab53c4b45dd9253befcb7cd977b67e4d37
src/nepactive/.git/objects/ee/
src/nepactive/.git/objects/ee/239882bd97205ce1b84dd2b26961e0e91dfae2
src/nepactive/.git/objects/f0/
src/nepactive/.git/objects/f0/4d95b47f7c30c5f7dac79339cdcb938f0f9955
src/nepactive/.git/objects/f2/
src/nepactive/.git/objects/f2/c4d68f25015d323a21ea4cc41d471b8f6696ef
src/nepactive/.git/objects/f6/
src/nepactive/.git/objects/f6/4bdb11fa9255ae6e22ea515a9fbe4f858506ef
src/nepactive/.git/objects/f7/
src/nepactive/.git/objects/f7/19e13d0912223a63bbb2acb5ea75dbe7954244
src/nepactive/.git/objects/f7/5d390d6e22209c36c5af72cefca7a12fb59cc3
src/nepactive/.git/objects/fb/
src/nepactive/.git/objects/fb/44f90d0ccc9cae922646a478f32b4f61fe3009
src/nepactive/.git/objects/fb/4a7198b933edac54df001cae042705c8e3ab83
src/nepactive/.git/objects/fc/
src/nepactive/.git/objects/fc/8269576aee7e5cd02c633ee7f324cfe2ef4512
src/nepactive/.git/objects/info/
src/nepactive/.git/objects/pack/
src/nepactive/.git/refs/
src/nepactive/.git/refs/heads/
src/nepactive/.git/refs/heads/master
src/nepactive/.git/refs/remotes/
src/nepactive/.git/refs/remotes/origin/
src/nepactive/.git/refs/remotes/origin/master
src/nepactive/.git/refs/tags/
src/nepactive/__pycache__/
src/nepactive/__pycache__/extract.cpython-311.pyc
src/nepactive/__pycache__/random_stable.cpython-311.pyc
src/nepactive/__pycache__/remote.cpython-311.pyc
src/nepactive/__pycache__/stable.cpython-311.pyc
src/nepactive/__pycache__/tools.cpython-311.pyc
src/nepactive/__pycache__/train.cpython-311.pyc

sent 6,315 bytes  received 596,317 bytes  401,754.67 bytes/sec
total size is 1,313,399  speedup is 2.18
receiving incremental file list
src/nepactive/OB.py
src/nepactive/__init__.py
src/nepactive/stable.py
src/nepactive/train.py
src/nepactive/__pycache__/
src/nepactive/__pycache__/logger.cpython-311.pyc
src/nepactive/__pycache__/stable.cpython-311.pyc
src/nepactive/__pycache__/stable.cpython-39.pyc
src/nepactive/__pycache__/template.cpython-311.pyc
src/nepactive/__pycache__/template.cpython-39.pyc
src/nepactive/__pycache__/train.cpython-311.pyc
src/nepactive/__pycache__/train.cpython-39.pyc
src/nepactive/__pycache__/write_extxyz.cpython-311.pyc

sent 2,913 bytes  received 94,232 bytes  194,290.00 bytes/sec
total size is 1,365,023  speedup is 14.05
receiving incremental file list
src/nepactive/train.py
src/nepactive/__pycache__/
src/nepactive/__pycache__/__init__.cpython-311.pyc
src/nepactive/__pycache__/__init__.cpython-39.pyc
src/nepactive/__pycache__/stable.cpython-39.pyc
src/nepactive/__pycache__/template.cpython-39.pyc
src/nepactive/__pycache__/train.cpython-39.pyc

sent 1,487 bytes  received 41,032 bytes  28,346.00 bytes/sec
total size is 1,365,057  speedup is 32.10
receiving incremental file list
src/nepactive/train.py
src/nepactive/__pycache__/
src/nepactive/__pycache__/stable.cpython-311.pyc
src/nepactive/__pycache__/train.cpython-311.pyc

sent 1,910 bytes  received 42,276 bytes  29,457.33 bytes/sec
total size is 1,395,177  speedup is 31.58
receiving incremental file list
src/nepactive/
src/nepactive/OB.py
src/nepactive/test.ipyn
src/nepactive/test.ipynb
src/nepactive/train.py
src/nepactive/__pycache__/
src/nepactive/__pycache__/stable.cpython-39.pyc
src/nepactive/__pycache__/train.cpython-39.pyc

sent 1,904 bytes  received 35,665 bytes  25,046.00 bytes/sec
total size is 1,398,523  speedup is 37.23
receiving incremental file list
src/nepactive/stable.py
src/nepactive/__pycache__/
src/nepactive/__pycache__/stable.cpython-39.pyc
src/nepactive/__pycache__/train.cpython-39.pyc

sent 896 bytes  received 34,146 bytes  23,361.33 bytes/sec
total size is 1,398,674  speedup is 39.91
receiving incremental file list
src/nepactive/stable.py
src/nepactive/__pycache__/
src/nepactive/__pycache__/stable.cpython-39.pyc
src/nepactive/__pycache__/train.cpython-39.pyc

sent 896 bytes  received 34,187 bytes  23,388.67 bytes/sec
total size is 1,398,695  speedup is 39.87
receiving incremental file list
src/nepactive/stable.py
src/nepactive/__pycache__/
src/nepactive/__pycache__/stable.cpython-39.pyc
src/nepactive/__pycache__/train.cpython-39.pyc

sent 896 bytes  received 33,745 bytes  23,094.00 bytes/sec
total size is 1,398,728  speedup is 40.38
receiving incremental file list
src/nepactive/stable.py
src/nepactive/train.py
src/nepactive/__pycache__/
src/nepactive/__pycache__/stable.cpython-39.pyc
src/nepactive/__pycache__/train.cpython-39.pyc

sent 1,545 bytes  received 34,162 bytes  23,804.67 bytes/sec
total size is 1,398,731  speedup is 39.17
sending incremental file list
src/
src/nohup.out
src/nepactive.egg-info/
src/nepactive.egg-info/PKG-INFO
src/nepactive.egg-info/SOURCES.txt
src/nepactive.egg-info/dependency_links.txt
src/nepactive.egg-info/entry_points.txt
src/nepactive.egg-info/requires.txt
src/nepactive.egg-info/top_level.txt
src/nepactive/
src/nepactive/MSST.py
src/nepactive/OB.py
src/nepactive/OB_new.py
src/nepactive/__init__.py
src/nepactive/analyze.py
src/nepactive/extract.py
src/nepactive/force.py
src/nepactive/in.view
src/nepactive/in.view1
src/nepactive/in.yaml
src/nepactive/label.py
src/nepactive/logger.py
src/nepactive/main.py
src/nepactive/nepactive.log
src/nepactive/nphugo.py
src/nepactive/nphugo_old.py
src/nepactive/omdMSST.py
src/nepactive/opt.py
src/nepactive/packmol.py
src/nepactive/plt.py
src/nepactive/random_stable.py
src/nepactive/remote.py
src/nepactive/shock_vel.txt
src/nepactive/stable.py
src/nepactive/stable_OB.py
src/nepactive/stable_prior.py
src/nepactive/stable_product.py
src/nepactive/template.py
src/nepactive/test.ipynb
src/nepactive/tools.py
src/nepactive/total.py
src/nepactive/total.txt
src/nepactive/train.py
src/nepactive/train_OB.py
src/nepactive/vasp_remote.py
src/nepactive/write_extxyz.py
src/nepactive/.git/
src/nepactive/.git/COMMIT_EDITMSG
src/nepactive/.git/FETCH_HEAD
src/nepactive/.git/HEAD
src/nepactive/.git/config
src/nepactive/.git/description
src/nepactive/.git/index
src/nepactive/.git/branches/
src/nepactive/.git/hooks/
src/nepactive/.git/hooks/applypatch-msg.sample
src/nepactive/.git/hooks/commit-msg.sample
src/nepactive/.git/hooks/fsmonitor-watchman.sample
src/nepactive/.git/hooks/post-update.sample
src/nepactive/.git/hooks/pre-applypatch.sample
src/nepactive/.git/hooks/pre-commit.sample
src/nepactive/.git/hooks/pre-merge-commit.sample
src/nepactive/.git/hooks/pre-push.sample
src/nepactive/.git/hooks/pre-rebase.sample
src/nepactive/.git/hooks/pre-receive.sample
src/nepactive/.git/hooks/prepare-commit-msg.sample
src/nepactive/.git/hooks/push-to-checkout.sample
src/nepactive/.git/hooks/update.sample
src/nepactive/.git/info/
src/nepactive/.git/info/exclude
src/nepactive/.git/logs/
src/nepactive/.git/logs/HEAD
src/nepactive/.git/logs/refs/
src/nepactive/.git/logs/refs/heads/
src/nepactive/.git/logs/refs/heads/master
src/nepactive/.git/logs/refs/remotes/
src/nepactive/.git/logs/refs/remotes/origin/
src/nepactive/.git/logs/refs/remotes/origin/master
src/nepactive/.git/objects/
src/nepactive/.git/objects/00/
src/nepactive/.git/objects/00/2bd2df40dd1a6bec1087cf4a3cb20f5918b652
src/nepactive/.git/objects/02/
src/nepactive/.git/objects/02/1fd5b0ff6829baf40c6b4fb7ec2294c6e7ec6d
src/nepactive/.git/objects/03/
src/nepactive/.git/objects/03/8791119b3650fc457062bb8aff1a8ff5364404
src/nepactive/.git/objects/08/
src/nepactive/.git/objects/08/27f5907387235d1f36afa56f4bf6e3953f0a63
src/nepactive/.git/objects/08/71ee186ae0594c8eea9d4dcda0e781f84b9749
src/nepactive/.git/objects/08/af9d250ae4c728a6670a3353047ceea077e4cb
src/nepactive/.git/objects/08/bd3ffff1e14ab25eb1fd919486882b34762dac
src/nepactive/.git/objects/09/
src/nepactive/.git/objects/09/337800bd02fc22a516f06a656fdbc1ca791fc7
src/nepactive/.git/objects/0b/
src/nepactive/.git/objects/0b/63da1edaf093a83647a9aadd0c4b982ae79034
src/nepactive/.git/objects/0d/
src/nepactive/.git/objects/0d/5d944660205d388ec96f13ca7b153ed6fc1838
src/nepactive/.git/objects/0d/608eddd1aa8a957274ee4b05e87c0a965ed6dd
src/nepactive/.git/objects/0f/
src/nepactive/.git/objects/0f/811b7117f862f7bb418e63b7743923862e4f10
src/nepactive/.git/objects/10/
src/nepactive/.git/objects/10/5c7bb23122c8f7dc2974466ee5127dfe86f782
src/nepactive/.git/objects/11/
src/nepactive/.git/objects/11/47371cde0b58ca60d4b3b1df80e84c3950b671
src/nepactive/.git/objects/11/5c45288f7bfeec2ce24d10f32be94391a61bef
src/nepactive/.git/objects/13/
src/nepactive/.git/objects/13/355bf18ffe2f26b12b703f71f3602a7e8bc17b
src/nepactive/.git/objects/13/38ff2807c0a6bb8eae74a439c3e268dbd31ce0
src/nepactive/.git/objects/13/bd60e82364a152da06ef7663aac9f3615be038
src/nepactive/.git/objects/14/
src/nepactive/.git/objects/14/8191c9e5278dd8a5e206208cde3a6080327817
src/nepactive/.git/objects/14/cb7faa7c8b9f023c05b0d8fc33a3c1a4a69d1c
src/nepactive/.git/objects/15/
src/nepactive/.git/objects/15/41d88adc609580e38caf63f2d516868e176fc7
src/nepactive/.git/objects/18/
src/nepactive/.git/objects/18/022d60ae19019e572dab0eb54759ec36aa15e7
src/nepactive/.git/objects/18/5bb8bbe15f1250c65c51ed6efb0111829ff2af
src/nepactive/.git/objects/18/5cd46e6af37d3c3188e9a77b9aff40d4aa317b
src/nepactive/.git/objects/18/e41d2a900130cfe9b1bee4631aa06676b71854
src/nepactive/.git/objects/19/
src/nepactive/.git/objects/19/51c541821bfadad61b1851f22bac3206ca2f46
src/nepactive/.git/objects/19/aec255be8514706fd75bea944a169f8e7d579b
src/nepactive/.git/objects/19/ba56ff823ff390965b6857bdbb860f964e7638
src/nepactive/.git/objects/1b/
src/nepactive/.git/objects/1b/309fb3adc05129966ba2058e19f9a50861c09d
src/nepactive/.git/objects/1b/b253454010be2f20fa629aff5463a425748427
src/nepactive/.git/objects/1b/cbfc060412d6231113c9c547c0b7d767ebd105
src/nepactive/.git/objects/1c/
src/nepactive/.git/objects/1c/16f117085ea3808cd65031bc0f0c2733b5d02c
src/nepactive/.git/objects/1d/
src/nepactive/.git/objects/1d/c3ad1efd3dc40c012fe625c412e80e940c1927
src/nepactive/.git/objects/21/
src/nepactive/.git/objects/21/469b3ffc508c5e2a5aa7f94707f831621483e3
src/nepactive/.git/objects/22/
src/nepactive/.git/objects/22/fe8b25dd2f01c9f59c21004dbb0941e0005c9a
src/nepactive/.git/objects/23/
src/nepactive/.git/objects/23/eed0e9677967391bffa70a4cae1df2bacbbfad
src/nepactive/.git/objects/26/
src/nepactive/.git/objects/26/c6c01884e4a6f705b0b97e15b5fc4b2b4787b2
src/nepactive/.git/objects/28/
src/nepactive/.git/objects/28/364c195dd6fbaab8afd007ce4c29be2e98773d
src/nepactive/.git/objects/28/4cd4f01684806109727804e4903774b166aabb
src/nepactive/.git/objects/28/5bdf776c4e54c5afae253e04d869dafcfe48f6
src/nepactive/.git/objects/29/
src/nepactive/.git/objects/29/74b1ce00f520d3bf12b25b2a280414a3501be0
src/nepactive/.git/objects/29/95ca806b665b867b10ab1228ac802027595f49
src/nepactive/.git/objects/29/9d3e2e32f9fbdf765662fb17aeaba0157d2a95
src/nepactive/.git/objects/2b/
src/nepactive/.git/objects/2b/f3f71a807cf1baeafa305c2b1d51dc173e1c07
src/nepactive/.git/objects/32/
src/nepactive/.git/objects/32/dd2214e8c96ec270da3ec41c6b7867c894594b
src/nepactive/.git/objects/33/
src/nepactive/.git/objects/33/0870d21f00eef0fd2de718c429e3cca8161ddb
src/nepactive/.git/objects/34/
src/nepactive/.git/objects/34/79ac65c2934a368ef5e74a8241a0adc0c96408
src/nepactive/.git/objects/35/
src/nepactive/.git/objects/35/ba645459ee98bd9497c98c348e51b78a9f58b5
src/nepactive/.git/objects/36/
src/nepactive/.git/objects/36/f53ef6a519f717e0524d6b724252090a5cbb2e
src/nepactive/.git/objects/37/
src/nepactive/.git/objects/37/fed656f446050c0684adfd0c20a4e30e5391d1
src/nepactive/.git/objects/3b/
src/nepactive/.git/objects/3b/ce55d7b017258821e456958b91ddaa33fc34a1
src/nepactive/.git/objects/3b/f4da8239dd877972341553e7629d049eed88e2
src/nepactive/.git/objects/3d/
src/nepactive/.git/objects/3d/cb1df3c570df0660d3d5dc677d81a94c8c4466
src/nepactive/.git/objects/3e/
src/nepactive/.git/objects/3e/10fc1f9ec38ebeb7221b136d31b87778645849
src/nepactive/.git/objects/3f/
src/nepactive/.git/objects/3f/634f7a26607ab80150c9660e93b968a3f6bd19
src/nepactive/.git/objects/41/
src/nepactive/.git/objects/41/08678bd47a262f8fc31de7bb614117a7d79a10
src/nepactive/.git/objects/41/dfd483e0a1202bf78056aa55cbef64dbc83406
src/nepactive/.git/objects/41/f4c9482ef6c101768f3cdd9119b2b18b06a2a0
src/nepactive/.git/objects/42/
src/nepactive/.git/objects/42/1e119a5670c7c4b2cdbb2f0f021f233c2b4ea3
src/nepactive/.git/objects/42/f7f64716c9a28928f8c4027c24dabefb1c10ce
src/nepactive/.git/objects/44/
src/nepactive/.git/objects/44/eff0768f9e7b150ba7bb28a3fcf2d2bef5b64b
src/nepactive/.git/objects/45/
src/nepactive/.git/objects/45/15f8ce08e74211bf62c1dc4ce8eb003e58a227
src/nepactive/.git/objects/48/
src/nepactive/.git/objects/48/41ac57f27a95aca74a188daf12acb4ca827e3e
src/nepactive/.git/objects/4a/
src/nepactive/.git/objects/4a/347e63285a48a2cbd51ba0a8de9cc16cd2ced9
src/nepactive/.git/objects/4b/
src/nepactive/.git/objects/4b/825dc642cb6eb9a060e54bf8d69288fbee4904
src/nepactive/.git/objects/4c/
src/nepactive/.git/objects/4c/91cc4d58e7878a54b08bf9171bed94c7c5593a
src/nepactive/.git/objects/4d/
src/nepactive/.git/objects/4d/756b64e4ef30c820b954733d0ca8b6a32fee58
src/nepactive/.git/objects/4e/
src/nepactive/.git/objects/4e/ab33c8bc7856ee38c00bdf5fefe3aaec2d3c3f
src/nepactive/.git/objects/50/
src/nepactive/.git/objects/50/c8cda434bc1b94e402ffb1b5529b00884445f5
src/nepactive/.git/objects/52/
src/nepactive/.git/objects/52/c8f9409eb9e07694aa4fbdb16e82270f2f617d
src/nepactive/.git/objects/53/
src/nepactive/.git/objects/53/64937995972c3a7695247bc58ae51dae62702a
src/nepactive/.git/objects/54/
src/nepactive/.git/objects/54/925cfd47868b9fbaade51b35186e016c83dd62
src/nepactive/.git/objects/56/
src/nepactive/.git/objects/56/2a266bc53a1ac38a5ba603ad1ec617437d6d11
src/nepactive/.git/objects/57/
src/nepactive/.git/objects/57/8958c7eb2a5d3e8a15ff273e2e3d4b0aca16b1
src/nepactive/.git/objects/58/
src/nepactive/.git/objects/58/475c2a03506a1ae9984ff01dab92db7aeaad65
src/nepactive/.git/objects/59/
src/nepactive/.git/objects/59/4dedf5c8cb9f1b2c8f9d6883890260c2253355
src/nepactive/.git/objects/5a/
src/nepactive/.git/objects/5a/dcb0ebbada1877d48bb3fd46be34675d04f3ae
src/nepactive/.git/objects/5e/
src/nepactive/.git/objects/5e/3f05fe4ecbb868c6e5b3e9153e83af6a0c3bcd
src/nepactive/.git/objects/60/
src/nepactive/.git/objects/60/6cb78713c23d6e3875b875cac6d61757560121
src/nepactive/.git/objects/62/
src/nepactive/.git/objects/62/333170ba9b3d3bd41ad80fd2654aec597723ee
src/nepactive/.git/objects/63/
src/nepactive/.git/objects/63/de733295130f26b5c5e1c54f5fd01a01c45542
src/nepactive/.git/objects/64/
src/nepactive/.git/objects/64/8404f6d5bea93c5c937e540be1184e92f86010
src/nepactive/.git/objects/64/b2dddecd4f987d4940b55c073ba63b28f19cf5
src/nepactive/.git/objects/65/
src/nepactive/.git/objects/65/2648fb582325e78ccd0c9156ab157f7c025a3d
src/nepactive/.git/objects/65/396b55dbb1acdd5e41c781fcf89021b672bc80
src/nepactive/.git/objects/65/741d5f7fd146157893aa10810e5d6f262a40e4
src/nepactive/.git/objects/65/c86b263dda37847fd4474a16fffa1a85414658
src/nepactive/.git/objects/65/d4e10dfdd0f4c92f35bce264413cf78d5cf676
src/nepactive/.git/objects/67/
src/nepactive/.git/objects/67/56b28444c7bb8fb3ef5c667eaeed1b8555a73d
src/nepactive/.git/objects/69/
src/nepactive/.git/objects/69/ae82ca4c82ba75e5af1a3556a0a7fb75382aa7
src/nepactive/.git/objects/69/ce95de8d69e697ed856b5267c7909962fba3ab
src/nepactive/.git/objects/72/
src/nepactive/.git/objects/72/2fcd2b0d338a304446a9ee279df0afa84c0234
src/nepactive/.git/objects/74/
src/nepactive/.git/objects/74/396f2f54cde3aca6e89f1959a0868be8052539
src/nepactive/.git/objects/76/
src/nepactive/.git/objects/76/8e6bc0a39f9423b78147c57fd2706f84abfc71
src/nepactive/.git/objects/79/
src/nepactive/.git/objects/79/457fa9c07edc45e981b95c6cb421059134aa5a
src/nepactive/.git/objects/79/6c82db74ef80efd1a34843984120a52837ebc9
src/nepactive/.git/objects/7a/
src/nepactive/.git/objects/7a/11f88c907b52500cb71f9373ecf20233b2a894
src/nepactive/.git/objects/7a/73a41bfdf76d6f793007240d80983a52f15f97
src/nepactive/.git/objects/7c/
src/nepactive/.git/objects/7c/2689c30c6f95f52049cba10cb58dea143d5359
src/nepactive/.git/objects/7f/
src/nepactive/.git/objects/7f/b4724a507a7a21094e628db6ef358dde8231da
src/nepactive/.git/objects/80/
src/nepactive/.git/objects/80/8b0e47101d646896d7f3d42ac01bbee7484489
src/nepactive/.git/objects/84/
src/nepactive/.git/objects/84/1770a114f3e1c59a3eb4883f8f9002f5d45fde
src/nepactive/.git/objects/87/
src/nepactive/.git/objects/87/469adb7874c61237886e90528b737c74c9885b
src/nepactive/.git/objects/87/a76d54c44b9c3ef3702157eb583a87cc9edd99
src/nepactive/.git/objects/8c/
src/nepactive/.git/objects/8c/130131d49155dee35be6311727a1a6359b305d
src/nepactive/.git/objects/8c/5499c32173cba5b03d75568aa1f74af40d0d0b
src/nepactive/.git/objects/8c/e5d729c250806c20b898ce00701208bf8b9e5b
src/nepactive/.git/objects/8e/
src/nepactive/.git/objects/8e/4e015a7edcc72465814685e46e633821320fb4
src/nepactive/.git/objects/91/
src/nepactive/.git/objects/91/fb001f9f005f17b01e5285891fb9bace1e6204
src/nepactive/.git/objects/93/
src/nepactive/.git/objects/93/c4c3a96e997c57197e6104c78ce46f05308b0f
src/nepactive/.git/objects/94/
src/nepactive/.git/objects/94/6d2b020319e7fea219f0fa9239eb34cace5184
src/nepactive/.git/objects/95/
src/nepactive/.git/objects/95/b2212454d13571c108584eff651b0fd452e7a5
src/nepactive/.git/objects/95/c97151799803f64aa73f544b7e421745aec8dd
src/nepactive/.git/objects/96/
src/nepactive/.git/objects/96/0d47117e320f7fc19128639a2b4d9b53916993
src/nepactive/.git/objects/98/
src/nepactive/.git/objects/98/4df1577fce8ffabeb899ba5bbfe0ae874fd599
src/nepactive/.git/objects/9a/
src/nepactive/.git/objects/9a/43a7d7293a9cb7d215b11f657dbe5b2b1dae45
src/nepactive/.git/objects/9a/c334f73bf3bde696a9c3597ed7d1969ddcfa3c
src/nepactive/.git/objects/9c/
src/nepactive/.git/objects/9c/9cb1d4cf196153943ccb7a59a7a40aa8a64dd1
src/nepactive/.git/objects/9c/f276525913699059ef3f8ee2ccc5005d217b9a
src/nepactive/.git/objects/9e/
src/nepactive/.git/objects/9e/e00647e02fbca9834f87503b20c0530bd1feca
src/nepactive/.git/objects/9f/
src/nepactive/.git/objects/9f/29d412bf7fc8e2ecbb1abf79593e0bab353111
src/nepactive/.git/objects/9f/914570e60b4d7dfeee3cb71a7e3b4e792ff7a5
src/nepactive/.git/objects/a1/
src/nepactive/.git/objects/a1/024da10a13193d566703cd1b531cc3ae469ed8
src/nepactive/.git/objects/a1/61c94d934d60fb121c13761365363e36042957
src/nepactive/.git/objects/a1/b76921ddb3f0f56fb4920d0833a61b61e0355e
src/nepactive/.git/objects/a2/
src/nepactive/.git/objects/a2/8ff6137202443ace90892a30deb365785b43ff
src/nepactive/.git/objects/a2/f322237291a6dc210158fe5212f76b093ed22d
src/nepactive/.git/objects/a4/
src/nepactive/.git/objects/a4/baa141a514c0bd4ac906dc171afbf35e98a43f
src/nepactive/.git/objects/a8/
src/nepactive/.git/objects/a8/c200329368ddfdbe180fdbc2deda24ed7a9ce4
src/nepactive/.git/objects/aa/
src/nepactive/.git/objects/aa/fa71848f95f3a8f875563d5eaae2dc6a483b54
src/nepactive/.git/objects/ab/
src/nepactive/.git/objects/ab/8fb7c58781d795be530b539dfae7658ecb4d36
src/nepactive/.git/objects/ac/
src/nepactive/.git/objects/ac/3e4fa4a24d8cb8dc28712e40bb20f7d5eeef0e
src/nepactive/.git/objects/ac/8a3c88fd739a7c09904c3912805e6cece61186
src/nepactive/.git/objects/ac/e360fe3b682526bfe54f172fd200bc2bdd4257
src/nepactive/.git/objects/ad/
src/nepactive/.git/objects/ad/13e6b9c928a0c3f33908703893e8860ddd3ac7
src/nepactive/.git/objects/ad/9cae4189ad3ed432df599ddf2e01fc66100324
src/nepactive/.git/objects/b1/
src/nepactive/.git/objects/b1/f1f0d0571ae8ad34e33585e3d0b29741c141c8
src/nepactive/.git/objects/b2/
src/nepactive/.git/objects/b2/24e7d4be86fe2e7ab575110e76edea9de72958
src/nepactive/.git/objects/b4/
src/nepactive/.git/objects/b4/2fa7ef7c04e16a6ca4a24eeb741bb59a4ce0b0
src/nepactive/.git/objects/b6/
src/nepactive/.git/objects/b6/1b35b1fa27f492d0db654ba9cd5e60890b53d6
src/nepactive/.git/objects/b6/54db02ba99885ab3386630614e0270ebe5abe8
src/nepactive/.git/objects/b7/
src/nepactive/.git/objects/b7/3f0ff786c02a09d2006a62a258710cc96b21dc
src/nepactive/.git/objects/b8/
src/nepactive/.git/objects/b8/1da3fd924bfa8252976f48e6edc58849771771
src/nepactive/.git/objects/b8/ed9b6e78d95c106c9cdfc3a906892b29a006eb
src/nepactive/.git/objects/bb/
src/nepactive/.git/objects/bb/a42d0ce7511aa80d2a60e47e2881b7a3818e28
src/nepactive/.git/objects/bc/
src/nepactive/.git/objects/bc/ad2326013812b4451a8bbb5af95b4125b6e3b5
src/nepactive/.git/objects/be/
src/nepactive/.git/objects/be/23c3dc54cfb3358c8a475e486e3dfd73e23d9f
src/nepactive/.git/objects/be/43c1559366f4f6ea12f5beb0fea7687f93b8bc
src/nepactive/.git/objects/be/b2b5b7f2e4125f037d34c378682f9a377b3a5b
src/nepactive/.git/objects/c0/
src/nepactive/.git/objects/c0/0177606ad59bcb491a7e3a636283ffec508c5c
src/nepactive/.git/objects/c1/
src/nepactive/.git/objects/c1/d0f10d72d1b052eccd0657036a27bfcc6a48ab
src/nepactive/.git/objects/c2/
src/nepactive/.git/objects/c2/b41734ae3cf89911844cd158c7fc31368d8eac
src/nepactive/.git/objects/c4/
src/nepactive/.git/objects/c4/cb3bf9449fd6a7c39585bb6710e0856cc8d3d5
src/nepactive/.git/objects/c6/
src/nepactive/.git/objects/c6/2b285d37cdbfb3528d7b0f8fc392b306c5e702
src/nepactive/.git/objects/c7/
src/nepactive/.git/objects/c7/42cbf72adc6165c4e6c3488a890fcd59cd1209
src/nepactive/.git/objects/c9/
src/nepactive/.git/objects/c9/0787e7f34b5c6417cc7397bea6207bdac1eb23
src/nepactive/.git/objects/c9/da31b94e126bd29c30f929604e260a0cf04c7c
src/nepactive/.git/objects/cc/
src/nepactive/.git/objects/cc/047f65be76e13dab4d22780ec07ed8e2ca1d5f
src/nepactive/.git/objects/cc/7d1f37b48f586551bb985e21ce0715ca764f27
src/nepactive/.git/objects/ce/
src/nepactive/.git/objects/ce/b7b11c8b768518976b1b56e0f37cc90f31ec84
src/nepactive/.git/objects/d0/
src/nepactive/.git/objects/d0/570ffba83c41bfe223f5b62ae2145a38fc4bfd
src/nepactive/.git/objects/d1/
src/nepactive/.git/objects/d1/657c4eb3000b0a583d00ee0414440a464a8fe2
src/nepactive/.git/objects/d4/
src/nepactive/.git/objects/d4/8232745b7cd14d939d1055270172460f57387f
src/nepactive/.git/objects/d6/
src/nepactive/.git/objects/d6/b990be5297cab724b5584353426ed11f518e6e
src/nepactive/.git/objects/d7/
src/nepactive/.git/objects/d7/8c9ddaef6c2772c18e1e242a7d3e7908ed1d49
src/nepactive/.git/objects/d8/
src/nepactive/.git/objects/d8/d4220021bddc71da9752be51c7355890da3d36
src/nepactive/.git/objects/dd/
src/nepactive/.git/objects/dd/2a36a42fa04cbbfa31aea3cdda15b998cfb5ae
src/nepactive/.git/objects/e1/
src/nepactive/.git/objects/e1/ed90885c38979f9e30c7dd898d5e393030fcc0
src/nepactive/.git/objects/e3/
src/nepactive/.git/objects/e3/0696402bb9aa5027cea1b32f487d19e5aabe41
src/nepactive/.git/objects/e4/
src/nepactive/.git/objects/e4/a616932875527c3bb9269f392b9e07bd487f8e
src/nepactive/.git/objects/e5/
src/nepactive/.git/objects/e5/b20b4a7759b647bfd7c87d61943c8195a4bbc9
src/nepactive/.git/objects/e7/
src/nepactive/.git/objects/e7/702c61532118fb8825ef836ee59217db61f944
src/nepactive/.git/objects/e7/71086e4e5379804e0faa67e4bd6ae3d875a489
src/nepactive/.git/objects/e7/cead91f3cc087bfdd3158c77a8d576d095df60
src/nepactive/.git/objects/e9/
src/nepactive/.git/objects/e9/9e53609a413e6bb613fd544fbdc50e91bf7876
src/nepactive/.git/objects/e9/b951ab53c4b45dd9253befcb7cd977b67e4d37
src/nepactive/.git/objects/ee/
src/nepactive/.git/objects/ee/239882bd97205ce1b84dd2b26961e0e91dfae2
src/nepactive/.git/objects/ee/c3306bb49b490d70ee22582869d0524f0ab9fa
src/nepactive/.git/objects/f0/
src/nepactive/.git/objects/f0/4d95b47f7c30c5f7dac79339cdcb938f0f9955
src/nepactive/.git/objects/f2/
src/nepactive/.git/objects/f2/c4d68f25015d323a21ea4cc41d471b8f6696ef
src/nepactive/.git/objects/f4/
src/nepactive/.git/objects/f4/76e2df6f14e827f7def0a6a018e4570ab8754c
src/nepactive/.git/objects/f6/
src/nepactive/.git/objects/f6/4bdb11fa9255ae6e22ea515a9fbe4f858506ef
src/nepactive/.git/objects/f7/
src/nepactive/.git/objects/f7/19e13d0912223a63bbb2acb5ea75dbe7954244
src/nepactive/.git/objects/f7/51086787a435d0501a924c13fda87b18d69426
src/nepactive/.git/objects/f7/5d390d6e22209c36c5af72cefca7a12fb59cc3
src/nepactive/.git/objects/fb/
src/nepactive/.git/objects/fb/44f90d0ccc9cae922646a478f32b4f61fe3009
src/nepactive/.git/objects/fb/4a7198b933edac54df001cae042705c8e3ab83
src/nepactive/.git/objects/fc/
src/nepactive/.git/objects/fc/8269576aee7e5cd02c633ee7f324cfe2ef4512
src/nepactive/.git/objects/info/
src/nepactive/.git/objects/pack/
src/nepactive/.git/refs/
src/nepactive/.git/refs/heads/
src/nepactive/.git/refs/heads/master
src/nepactive/.git/refs/remotes/
src/nepactive/.git/refs/remotes/origin/
src/nepactive/.git/refs/remotes/origin/master
src/nepactive/.git/refs/tags/
src/nepactive/.vscode/
src/nepactive/.vscode/launch.json
src/nepactive/.vscode/settings.json
src/nepactive/__pycache__/
src/nepactive/__pycache__/OB.cpython-39.pyc
src/nepactive/__pycache__/__init__.cpython-311.pyc
src/nepactive/__pycache__/__init__.cpython-39.pyc
src/nepactive/__pycache__/extract.cpython-311.pyc
src/nepactive/__pycache__/extract.cpython-39.pyc
src/nepactive/__pycache__/force.cpython-311.pyc
src/nepactive/__pycache__/force.cpython-39.pyc
src/nepactive/__pycache__/gpumd_plt.cpython-39.pyc
src/nepactive/__pycache__/logger.cpython-311.pyc
src/nepactive/__pycache__/logger.cpython-39.pyc
src/nepactive/__pycache__/main.cpython-311.pyc
src/nepactive/__pycache__/main.cpython-39.pyc
src/nepactive/__pycache__/nphugo.cpython-311.pyc
src/nepactive/__pycache__/nphugo.cpython-39.pyc
src/nepactive/__pycache__/nphugo_new.cpython-39.pyc
src/nepactive/__pycache__/packmol.cpython-311.pyc
src/nepactive/__pycache__/packmol.cpython-39.pyc
src/nepactive/__pycache__/plt.cpython-311.pyc
src/nepactive/__pycache__/plt.cpython-39.pyc
src/nepactive/__pycache__/random_stable.cpython-311.pyc
src/nepactive/__pycache__/random_stable.cpython-39.pyc
src/nepactive/__pycache__/remote.cpython-311.pyc
src/nepactive/__pycache__/remote.cpython-39.pyc
src/nepactive/__pycache__/stable.cpython-311.pyc
src/nepactive/__pycache__/stable.cpython-39.pyc
src/nepactive/__pycache__/stable_OB.cpython-39.pyc
src/nepactive/__pycache__/stable_prior.cpython-39.pyc
src/nepactive/__pycache__/stable_product.cpython-39.pyc
src/nepactive/__pycache__/template.cpython-311.pyc
src/nepactive/__pycache__/template.cpython-39.pyc
src/nepactive/__pycache__/tools.cpython-311.pyc
src/nepactive/__pycache__/tools.cpython-39.pyc
src/nepactive/__pycache__/train.cpython-311.pyc
src/nepactive/__pycache__/train.cpython-39.pyc
src/nepactive/__pycache__/train_OB.cpython-39.pyc
src/nepactive/__pycache__/write_extxyz.cpython-311.pyc
src/nepactive/__pycache__/write_extxyz.cpython-39.pyc

sent 133,780 bytes  received 33,163 bytes  333,886.00 bytes/sec
total size is 3,018,525  speedup is 18.08
sending incremental file list
src/nepactive/stable.py
src/nepactive/__pycache__/
src/nepactive/__pycache__/__init__.cpython-311.pyc
src/nepactive/__pycache__/extract.cpython-311.pyc
src/nepactive/__pycache__/main.cpython-311.pyc
src/nepactive/__pycache__/nphugo.cpython-311.pyc
src/nepactive/__pycache__/packmol.cpython-311.pyc
src/nepactive/__pycache__/plt.cpython-311.pyc
src/nepactive/__pycache__/random_stable.cpython-311.pyc
src/nepactive/__pycache__/stable.cpython-311.pyc
src/nepactive/__pycache__/template.cpython-311.pyc
src/nepactive/__pycache__/tools.cpython-311.pyc
src/nepactive/__pycache__/train.cpython-311.pyc

sent 96,017 bytes  received 2,822 bytes  65,892.67 bytes/sec
total size is 3,018,607  speedup is 30.54
sending incremental file list
src/nepactive/
src/nepactive/stable.py
src/nepactive/template.py
src/nepactive/tools.py
src/nepactive/train.py
src/nepactive/__pycache__/
src/nepactive/__pycache__/__init__.cpython-311.pyc
src/nepactive/__pycache__/extract.cpython-311.pyc
src/nepactive/__pycache__/main.cpython-311.pyc
src/nepactive/__pycache__/nphugo.cpython-311.pyc
src/nepactive/__pycache__/packmol.cpython-311.pyc
src/nepactive/__pycache__/plt.cpython-311.pyc
src/nepactive/__pycache__/random_stable.cpython-311.pyc
src/nepactive/__pycache__/stable.cpython-311.pyc
src/nepactive/__pycache__/stable.cpython-39.pyc
src/nepactive/__pycache__/template.cpython-311.pyc
src/nepactive/__pycache__/template.cpython-39.pyc
src/nepactive/__pycache__/tools.cpython-311.pyc
src/nepactive/__pycache__/tools.cpython-39.pyc
src/nepactive/__pycache__/train.cpython-311.pyc
src/nepactive/__pycache__/train.cpython-39.pyc

sent 123,949 bytes  received 4,434 bytes  256,766.00 bytes/sec
total size is 3,021,104  speedup is 23.53
sending incremental file list
src/nepactive.egg-info/
src/nepactive.egg-info/PKG-INFO
src/nepactive.egg-info/SOURCES.txt
src/nepactive.egg-info/dependency_links.txt
src/nepactive.egg-info/entry_points.txt
src/nepactive.egg-info/requires.txt
src/nepactive.egg-info/top_level.txt
src/nepactive/
src/nepactive/in.yaml
src/nepactive/packmol.py
src/nepactive/stable.py
src/nepactive/tools.py
src/nepactive/train.py
src/nepactive/.git/FETCH_HEAD
src/nepactive/.vscode/launch.json
src/nepactive/__pycache__/
src/nepactive/__pycache__/__init__.cpython-311.pyc
src/nepactive/__pycache__/extract.cpython-311.pyc
src/nepactive/__pycache__/main.cpython-311.pyc
src/nepactive/__pycache__/nphugo.cpython-311.pyc
src/nepactive/__pycache__/packmol.cpython-311.pyc
src/nepactive/__pycache__/packmol.cpython-39.pyc
src/nepactive/__pycache__/plt.cpython-311.pyc
src/nepactive/__pycache__/random_stable.cpython-311.pyc
src/nepactive/__pycache__/stable.cpython-311.pyc
src/nepactive/__pycache__/stable.cpython-39.pyc
src/nepactive/__pycache__/template.cpython-311.pyc
src/nepactive/__pycache__/template.cpython-39.pyc
src/nepactive/__pycache__/tools.cpython-311.pyc
src/nepactive/__pycache__/tools.cpython-39.pyc
src/nepactive/__pycache__/train.cpython-311.pyc
src/nepactive/__pycache__/train.cpython-39.pyc

sent 122,907 bytes  received 4,675 bytes  255,164.00 bytes/sec
total size is 3,025,169  speedup is 23.71
sending incremental file list
src/nepactive/tools.py
src/nepactive/__pycache__/
src/nepactive/__pycache__/__init__.cpython-311.pyc
src/nepactive/__pycache__/extract.cpython-311.pyc
src/nepactive/__pycache__/main.cpython-311.pyc
src/nepactive/__pycache__/nphugo.cpython-311.pyc
src/nepactive/__pycache__/packmol.cpython-311.pyc
src/nepactive/__pycache__/plt.cpython-311.pyc
src/nepactive/__pycache__/random_stable.cpython-311.pyc
src/nepactive/__pycache__/stable.cpython-311.pyc
src/nepactive/__pycache__/template.cpython-311.pyc
src/nepactive/__pycache__/tools.cpython-311.pyc
src/nepactive/__pycache__/train.cpython-311.pyc

sent 98,437 bytes  received 2,738 bytes  67,450.00 bytes/sec
total size is 3,029,814  speedup is 29.95
sending incremental file list
src/nepactive/train.py

sent 17,737 bytes  received 804 bytes  12,360.67 bytes/sec
total size is 3,029,721  speedup is 163.41
sending incremental file list
src/nepactive/train.py
src/nepactive/__pycache__/
src/nepactive/__pycache__/__init__.cpython-311.pyc
src/nepactive/__pycache__/extract.cpython-311.pyc
src/nepactive/__pycache__/main.cpython-311.pyc
src/nepactive/__pycache__/nphugo.cpython-311.pyc
src/nepactive/__pycache__/packmol.cpython-311.pyc
src/nepactive/__pycache__/plt.cpython-311.pyc
src/nepactive/__pycache__/random_stable.cpython-311.pyc
src/nepactive/__pycache__/stable.cpython-311.pyc
src/nepactive/__pycache__/template.cpython-311.pyc
src/nepactive/__pycache__/tools.cpython-311.pyc
src/nepactive/__pycache__/train.cpython-311.pyc

sent 99,481 bytes  received 3,248 bytes  68,486.00 bytes/sec
total size is 3,034,579  speedup is 29.54
sending incremental file list
src/nepactive/in.yaml
src/nepactive/stable.py
src/nepactive/train.py
src/nepactive/__pycache__/
src/nepactive/__pycache__/__init__.cpython-311.pyc
src/nepactive/__pycache__/extract.cpython-311.pyc
src/nepactive/__pycache__/main.cpython-311.pyc
src/nepactive/__pycache__/nphugo.cpython-311.pyc
src/nepactive/__pycache__/packmol.cpython-311.pyc
src/nepactive/__pycache__/plt.cpython-311.pyc
src/nepactive/__pycache__/random_stable.cpython-311.pyc
src/nepactive/__pycache__/stable.cpython-311.pyc
src/nepactive/__pycache__/template.cpython-311.pyc
src/nepactive/__pycache__/tools.cpython-311.pyc
src/nepactive/__pycache__/train.cpython-311.pyc

sent 99,277 bytes  received 3,592 bytes  68,579.33 bytes/sec
total size is 3,035,107  speedup is 29.50
sending incremental file list
src/nepactive/in.yaml
src/nepactive/stable.py
src/nepactive/test.ipynb
src/nepactive/train.py
src/nepactive/__pycache__/
src/nepactive/__pycache__/__init__.cpython-311.pyc
src/nepactive/__pycache__/extract.cpython-311.pyc
src/nepactive/__pycache__/main.cpython-311.pyc
src/nepactive/__pycache__/nphugo.cpython-311.pyc
src/nepactive/__pycache__/packmol.cpython-311.pyc
src/nepactive/__pycache__/plt.cpython-311.pyc
src/nepactive/__pycache__/random_stable.cpython-311.pyc
src/nepactive/__pycache__/stable.cpython-311.pyc
src/nepactive/__pycache__/template.cpython-311.pyc
src/nepactive/__pycache__/tools.cpython-311.pyc
src/nepactive/__pycache__/train.cpython-311.pyc

sent 99,023 bytes  received 5,687 bytes  69,806.67 bytes/sec
total size is 3,035,439  speedup is 28.99
sending incremental file list
src/nepactive/tools.py
src/nepactive/__pycache__/
src/nepactive/__pycache__/__init__.cpython-311.pyc
src/nepactive/__pycache__/extract.cpython-311.pyc
src/nepactive/__pycache__/main.cpython-311.pyc
src/nepactive/__pycache__/nphugo.cpython-311.pyc
src/nepactive/__pycache__/packmol.cpython-311.pyc
src/nepactive/__pycache__/plt.cpython-311.pyc
src/nepactive/__pycache__/random_stable.cpython-311.pyc
src/nepactive/__pycache__/stable.cpython-311.pyc
src/nepactive/__pycache__/template.cpython-311.pyc
src/nepactive/__pycache__/tools.cpython-311.pyc
src/nepactive/__pycache__/train.cpython-311.pyc

sent 97,845 bytes  received 2,794 bytes  201,278.00 bytes/sec
total size is 3,035,628  speedup is 30.16
sending incremental file list
src/nepactive/tools.py
src/nepactive/__pycache__/
src/nepactive/__pycache__/__init__.cpython-311.pyc
src/nepactive/__pycache__/extract.cpython-311.pyc
src/nepactive/__pycache__/main.cpython-311.pyc
src/nepactive/__pycache__/nphugo.cpython-311.pyc
src/nepactive/__pycache__/packmol.cpython-311.pyc
src/nepactive/__pycache__/plt.cpython-311.pyc
src/nepactive/__pycache__/random_stable.cpython-311.pyc
src/nepactive/__pycache__/stable.cpython-311.pyc
src/nepactive/__pycache__/template.cpython-311.pyc
src/nepactive/__pycache__/tools.cpython-311.pyc
src/nepactive/__pycache__/train.cpython-311.pyc

sent 97,695 bytes  received 2,794 bytes  200,978.00 bytes/sec
total size is 3,035,663  speedup is 30.21
sending incremental file list
src/nepactive/template.py
src/nepactive/__pycache__/
src/nepactive/__pycache__/__init__.cpython-311.pyc
src/nepactive/__pycache__/extract.cpython-311.pyc
src/nepactive/__pycache__/main.cpython-311.pyc
src/nepactive/__pycache__/nphugo.cpython-311.pyc
src/nepactive/__pycache__/packmol.cpython-311.pyc
src/nepactive/__pycache__/plt.cpython-311.pyc
src/nepactive/__pycache__/random_stable.cpython-311.pyc
src/nepactive/__pycache__/stable.cpython-311.pyc
src/nepactive/__pycache__/template.cpython-311.pyc
src/nepactive/__pycache__/tools.cpython-311.pyc
src/nepactive/__pycache__/train.cpython-311.pyc

sent 97,508 bytes  received 2,738 bytes  200,492.00 bytes/sec
total size is 3,036,210  speedup is 30.29
sending incremental file list
src/nepactive/template.py
src/nepactive/__pycache__/
src/nepactive/__pycache__/__init__.cpython-311.pyc
src/nepactive/__pycache__/extract.cpython-311.pyc
src/nepactive/__pycache__/main.cpython-311.pyc
src/nepactive/__pycache__/nphugo.cpython-311.pyc
src/nepactive/__pycache__/packmol.cpython-311.pyc
src/nepactive/__pycache__/plt.cpython-311.pyc
src/nepactive/__pycache__/random_stable.cpython-311.pyc
src/nepactive/__pycache__/stable.cpython-311.pyc
src/nepactive/__pycache__/template.cpython-311.pyc
src/nepactive/__pycache__/tools.cpython-311.pyc
src/nepactive/__pycache__/train.cpython-311.pyc

sent 97,701 bytes  received 2,750 bytes  66,967.33 bytes/sec
total size is 3,036,214  speedup is 30.23
sending incremental file list
src/nepactive/template.py
src/nepactive/tools.py
src/nepactive/train.py
src/nepactive/__pycache__/
src/nepactive/__pycache__/__init__.cpython-311.pyc
src/nepactive/__pycache__/extract.cpython-311.pyc
src/nepactive/__pycache__/main.cpython-311.pyc
src/nepactive/__pycache__/nphugo.cpython-311.pyc
src/nepactive/__pycache__/packmol.cpython-311.pyc
src/nepactive/__pycache__/plt.cpython-311.pyc
src/nepactive/__pycache__/random_stable.cpython-311.pyc
src/nepactive/__pycache__/stable.cpython-311.pyc
src/nepactive/__pycache__/template.cpython-311.pyc
src/nepactive/__pycache__/tools.cpython-311.pyc
src/nepactive/__pycache__/train.cpython-311.pyc

sent 98,770 bytes  received 3,592 bytes  204,724.00 bytes/sec
total size is 3,036,217  speedup is 29.66
sending incremental file list
src/nepactive/stable.py
src/nepactive/tools.py
src/nepactive/__pycache__/
src/nepactive/__pycache__/__init__.cpython-311.pyc
src/nepactive/__pycache__/main.cpython-311.pyc
src/nepactive/__pycache__/nphugo.cpython-311.pyc
src/nepactive/__pycache__/packmol.cpython-311.pyc
src/nepactive/__pycache__/plt.cpython-311.pyc
src/nepactive/__pycache__/stable.cpython-311.pyc
src/nepactive/__pycache__/template.cpython-311.pyc
src/nepactive/__pycache__/tools.cpython-311.pyc
src/nepactive/__pycache__/train.cpython-311.pyc

sent 91,457 bytes  received 2,719 bytes  62,784.00 bytes/sec
total size is 3,031,244  speedup is 32.19
sending incremental file list
src/nepactive/packmol.py
src/nepactive/stable.py
src/nepactive/.vscode/launch.json
src/nepactive/__pycache__/
src/nepactive/__pycache__/__init__.cpython-311.pyc
src/nepactive/__pycache__/extract.cpython-311.pyc
src/nepactive/__pycache__/main.cpython-311.pyc
src/nepactive/__pycache__/nphugo.cpython-311.pyc
src/nepactive/__pycache__/packmol.cpython-311.pyc
src/nepactive/__pycache__/packmol.cpython-39.pyc
src/nepactive/__pycache__/plt.cpython-311.pyc
src/nepactive/__pycache__/random_stable.cpython-311.pyc
src/nepactive/__pycache__/stable.cpython-311.pyc
src/nepactive/__pycache__/stable.cpython-39.pyc
src/nepactive/__pycache__/template.cpython-311.pyc
src/nepactive/__pycache__/template.cpython-39.pyc
src/nepactive/__pycache__/tools.cpython-311.pyc
src/nepactive/__pycache__/tools.cpython-39.pyc
src/nepactive/__pycache__/train.cpython-311.pyc
src/nepactive/__pycache__/train.cpython-39.pyc

sent 123,631 bytes  received 3,777 bytes  84,938.67 bytes/sec
total size is 3,033,001  speedup is 23.81
sending incremental file list
src/nepactive/tools.py
src/nepactive/__pycache__/
src/nepactive/__pycache__/__init__.cpython-311.pyc
src/nepactive/__pycache__/extract.cpython-311.pyc
src/nepactive/__pycache__/main.cpython-311.pyc
src/nepactive/__pycache__/nphugo.cpython-311.pyc
src/nepactive/__pycache__/packmol.cpython-311.pyc
src/nepactive/__pycache__/plt.cpython-311.pyc
src/nepactive/__pycache__/random_stable.cpython-311.pyc
src/nepactive/__pycache__/stable.cpython-311.pyc
src/nepactive/__pycache__/stable.cpython-39.pyc
src/nepactive/__pycache__/template.cpython-311.pyc
src/nepactive/__pycache__/tools.cpython-311.pyc
src/nepactive/__pycache__/tools.cpython-39.pyc
src/nepactive/__pycache__/train.cpython-311.pyc

sent 102,843 bytes  received 3,040 bytes  211,766.00 bytes/sec
total size is 3,033,055  speedup is 28.65
