2025-07-03 18:46:28,587 - INFO : slope:-43.84
2025-07-03 18:46:28,595 - INFO : shock_vel:4.694
2025-07-03 18:46:28,596 - INFO : x0_num:0.529122617983696
2025-07-03 18:46:28,598 - INFO : y0_num:20.644959499930984
2025-07-03 18:47:02,681 - ERROR : TypeError: None, the fitting is failed
2025-07-03 18:47:31,558 - INFO : slope:-156.09
2025-07-03 18:47:31,560 - INFO : shock_vel:8.857
2025-07-03 18:47:31,561 - INFO : x0_num:0.7523517662245781
2025-07-03 18:47:31,562 - INFO : y0_num:38.6559652800165
2025-07-03 18:48:15,447 - INFO : slope:-155.93
2025-07-03 18:48:15,448 - INFO : shock_vel:8.852
2025-07-03 18:48:15,449 - INFO : x0_num:0.7524283805730665
2025-07-03 18:48:15,449 - INFO : y0_num:38.60373774838374
2025-07-03 18:48:28,742 - INFO : slope:-166.13
2025-07-03 18:48:28,743 - INFO : shock_vel:9.033
2025-07-03 18:48:28,744 - INFO : x0_num:0.7467684134431789
2025-07-03 18:48:28,744 - INFO : y0_num:42.069376180559814
2026-03-20 10:48:15,393 - INFO : Selected 2/3 structures with structural FPS
2026-03-20 10:48:15,395 - INFO : Selected 1/3 structures with structural FPS
2026-03-20 11:11:40,039 - WARNING : Failed to initialize GPU NEP backend: GpuNep: no CUDA-capable device is detected
2026-03-20 11:11:40,126 - WARNING : pynep task failed: A process in the process pool was terminated abruptly while the future was running or pending.
2026-03-20 11:11:40,126 - WARNING : pynep task failed: A process in the process pool was terminated abruptly while the future was running or pending.
2026-03-20 11:11:40,126 - WARNING : pynep task failed: A process in the process pool was terminated abruptly while the future was running or pending.
2026-03-20 11:11:40,127 - WARNING : pynep task failed: A process in the process pool was terminated abruptly while the future was running or pending.
2026-03-20 11:12:07,406 - WARNING : Failed to initialize GPU NEP backend: GpuNep: no CUDA-capable device is detected
2026-03-20 11:12:07,436 - WARNING : Failed to initialize GPU NEP backend: GpuNep: no CUDA-capable device is detected
2026-03-20 11:12:07,453 - WARNING : Failed to initialize GPU NEP backend: GpuNep: no CUDA-capable device is detected
2026-03-20 11:12:07,469 - WARNING : Failed to initialize GPU NEP backend: GpuNep: no CUDA-capable device is detected
2026-03-20 11:40:01,732 - INFO : Migrated old 'model_devi_general' config to 'sampling_general'
2026-03-20 11:40:01,732 - INFO : Migrated old 'model_devi_time_step' config to 'sampling_time_step'
2026-03-20 11:41:31,766 - INFO : Migrated old 'model_devi_general' config to 'sampling_general'
2026-03-20 11:41:31,766 - INFO : Migrated old 'model_devi_time_step' config to 'sampling_time_step'
2026-03-20 11:41:34,735 - INFO : identifying molecule num
2026-03-20 11:41:44,333 - INFO : Selected 5/1260 structures with structural FPS
